node : (node:46572) 
[DEP0169] 
DeprecationWarning: 
`url.parse()` behavior is 
not standardized and 
prone to errors that have 
security implications. 
Use the WHATWG URL API 
instead. CVEs are not 
issued for `url.parse()` 
vulnerabilities.
Au caractère Ligne:1 : 1
+ node src/index.js > 
error.log 2>&1
+ ~~~~~~~~~~~~~~~~~~~~~~~~
~~~~~~~~~~
    + CategoryInfo        
      : NotSpecified: ((  
  node:46572) [D...ulne   
 rabilities.:String) [    
], RemoteException
    + FullyQualifiedError 
   Id : NativeCommandErr  
  or
 
(Use `node 
--trace-deprecation ...` 
to show where the warning 
was created)
Ô£à Connexion ├á la base de donn├®es ├®tablie
ÔØî Erreur au d├®marrage 
du serveur: TypeError: 
Cannot read properties of 
undefined (reading 
'belongsTo')
    at setupAssociations (
C:\Users\fehri\OneDrive\Bu
reau\projet pfe\my-project
\backend\src\models\associ
ations.js:18:15)
    at startServer (C:\Use
rs\fehri\OneDrive\Bureau\p
rojet pfe\my-project\backe
nd\src\index.js:114:5)
    at process.processTick
sAndRejections (node:inter
nal/process/task_queues:10
3:5)
ⴊⴭ䔠剒啅⁒〵‰ⴭ‭〲㘲〭ⴴ㌰ご㨹〲㔺⸲〹娰刊問䕔›愯楰振湡楤慤畴敲㽳瑥扡楬獳浥湥㵴ੁ牅潲ੲ††瑡儠敵祲爮湵⠠㩃啜敳獲晜桥楲作敮牄癩履畂敲畡灜潲敪⁴晰履祭瀭潲敪瑣扜捡敫摮湜摯彥潭畤敬屳敳畱汥穩履楬屢楤污捥獴浜獹汱煜敵祲樮㩳㈵㈺⤵ †愠⁴㩃啜敳獲晜桥楲作敮牄癩履畂敲畡灜潲敪⁴晰履祭瀭潲敪瑣扜捡敫摮湜摯彥潭畤敬屳敳畱汥穩履楬屢敳畱汥穩⹥獪㌺㔱㈺ਸ††瑡瀠潲散獳瀮潲散獳楔正䅳摮敒敪瑣潩獮⠠潮敤椺瑮牥慮⽬牰捯獥⽳慴歳煟敵敵㩳〱㨳⤵ †愠⁴獡湹⁣祍兓兌敵祲湉整晲捡⹥慲卷汥捥⁴䌨尺獕牥屳敦牨屩湏䑥楲敶䉜牵慥屵牰橯瑥瀠敦浜⵹牰橯捥屴慢正湥層潮敤浟摯汵獥獜煥敵楬敺汜扩摜慩敬瑣屳扡瑳慲瑣煜敵祲椭瑮牥慦散樮㩳㌴㨴㠱਩††瑡愠祳据䌠湡楤慤畴敲愮杧敲慧整⠠㩃啜敳獲晜桥楲作敮牄癩履畂敲畡灜潲敪⁴晰履祭瀭潲敪瑣扜捡敫摮湜摯彥潭畤敬屳敳畱汥穩履楬屢潭敤⹬獪ㄺ㜲㨷㤱਩††瑡愠祳据䌠湡楤慤畴敲挮畯瑮⠠㩃啜敳獲晜桥楲作敮牄癩履畂敲畡灜潲敪⁴晰履祭瀭潲敪瑣扜捡敫摮湜摯彥潭畤敬屳敳畱汥穩履楬屢潭敤⹬獪ㄺ〳㨶〲਩††瑡愠祳据倠潲業敳愮汬⠠湩敤⁸⤰ †愠⁴獡湹⁣慃摮摩瑡牵⹥楦摮湁䍤畯瑮汁⁬䌨尺獕牥屳敦牨屩湏䑥楲敶䉜牵慥屵牰橯瑥瀠敦浜⵹牰橯捥屴慢正湥層潮敤浟摯汵獥獜煥敵楬敺汜扩浜摯汥樮㩳㌱㈲㈺⤷ †愠⁴獡湹⁣㩃啜敳獲晜桥楲作敮牄癩履畂敲畡灜潲敪⁴晰履祭瀭潲敪瑣扜捡敫摮獜捲牜畯整屳慣摮摩瑡牵獥樮㩳㤲㨵㤲ਊⴊⴭ䔠剒啅⁒〵‰ⴭ‭〲㘲〭ⴴ㌰ご㨹〲㔺⸳㌰娰刊問䕔›愯楰振湡楤慤畴敲㽳瑥扡楬獳浥湥㵴桁䔊牲牯 †愠⁴畑牥⹹畲⁮䌨尺獕牥屳敦牨屩湏䑥楲敶䉜牵慥屵牰橯瑥瀠敦浜⵹牰橯捥屴慢正湥層潮敤浟摯汵獥獜煥敵楬敺汜扩摜慩敬瑣屳祭煳屬畱牥⹹獪㔺㨲㔲਩††瑡䌠尺獕牥屳敦牨屩湏䑥楲敶䉜牵慥屵牰橯瑥瀠敦浜⵹牰橯捥屴慢正湥層潮敤浟摯汵獥獜煥敵楬敺汜扩獜煥敵楬敺樮㩳ㄳ㨵㠲 †愠⁴牰捯獥⹳牰捯獥味捩獫湁剤橥捥楴湯⁳渨摯㩥湩整湲污瀯潲散獳琯獡彫畱略獥ㄺ㌰㔺਩††瑡愠祳据䴠卹䱑畑牥䥹瑮牥慦散爮睡敓敬瑣⠠㩃啜敳獲晜桥楲作敮牄癩履畂敲畡灜潲敪⁴晰履祭瀭潲敪瑣扜捡敫摮湜摯彥潭畤敬屳敳畱汥穩履楬屢楤污捥獴慜獢牴捡屴畱牥⵹湩整晲捡⹥獪㐺㐳ㄺ⤸ †愠⁴獡湹⁣慃摮摩瑡牵⹥条牧来瑡⁥䌨尺獕牥屳敦牨屩湏䑥楲敶䉜牵慥屵牰橯瑥瀠敦浜⵹牰橯捥屴慢正湥層潮敤浟摯汵獥獜煥敵楬敺汜扩浜摯汥樮㩳㈱㜷ㄺ⤹ †愠⁴獡湹⁣慃摮摩瑡牵⹥潣湵⁴䌨尺獕牥屳敦牨屩湏䑥楲敶䉜牵慥屵牰橯瑥瀠敦浜⵹牰橯捥屴慢正湥層潮敤浟摯汵獥獜煥敵楬敺汜扩浜摯汥樮㩳㌱㘰㈺⤰ †愠⁴獡湹⁣牐浯獩⹥污⁬椨摮硥〠਩††瑡愠祳据䌠湡楤慤畴敲昮湩䅤摮潃湵䅴汬⠠㩃啜敳獲晜桥楲作敮牄癩履畂敲畡灜潲敪⁴晰履祭瀭潲敪瑣扜捡敫摮湜摯彥潭畤敬屳敳畱汥穩履楬屢潭敤⹬獪ㄺ㈳㨲㜲਩††瑡愠祳据䌠尺獕牥屳敦牨屩湏䑥楲敶䉜牵慥屵牰橯瑥瀠敦浜⵹牰橯捥屴慢正湥層牳屣潲瑵獥捜湡楤慤畴敲⹳獪㈺㔹㈺ਹਊⴭ‭剅䕒剕㔠〰ⴠⴭ㈠㈰ⴶ㐰〭吳㤰㈺㨰㌵〮ㄶਗ਼佒呕㩅⼠灡⽩慣摮摩瑡牵獥政慴汢獩敳敭瑮䄽浨੥牅潲ੲ††瑡儠敵祲爮湵⠠㩃啜敳獲晜桥楲作敮牄癩履畂敲畡灜潲敪⁴晰履祭瀭潲敪瑣扜捡敫摮湜摯彥潭畤敬屳敳畱汥穩履楬屢楤污捥獴浜獹汱煜敵祲樮㩳㈵㈺⤵ †愠⁴㩃啜敳獲晜桥楲作敮牄癩履畂敲畡灜潲敪⁴晰履祭瀭潲敪瑣扜捡敫摮湜摯彥潭畤敬屳敳畱汥穩履楬屢敳畱汥穩⹥獪㌺㔱㈺ਸ††瑡瀠潲散獳瀮潲散獳楔正䅳摮敒敪瑣潩獮⠠潮敤椺瑮牥慮⽬牰捯獥⽳慴歳煟敵敵㩳〱㨳⤵ †愠⁴獡湹⁣祍兓兌敵祲湉整晲捡⹥慲卷汥捥⁴䌨尺獕牥屳敦牨屩湏䑥楲敶䉜牵慥屵牰橯瑥瀠敦浜⵹牰橯捥屴慢正湥層潮敤浟摯汵獥獜煥敵楬敺汜扩摜慩敬瑣屳扡瑳慲瑣煜敵祲椭瑮牥慦散樮㩳㌴㨴㠱਩††瑡愠祳据䌠湡楤慤畴敲愮杧敲慧整⠠㩃啜敳獲晜桥楲作敮牄癩履畂敲畡灜潲敪⁴晰履祭瀭潲敪瑣扜捡敫摮湜摯彥潭畤敬屳敳畱汥穩履楬屢潭敤⹬獪ㄺ㜲㨷㤱਩††瑡愠祳据䌠湡楤慤畴敲挮畯瑮⠠㩃啜敳獲晜桥楲作敮牄癩履畂敲畡灜潲敪⁴晰履祭瀭潲敪瑣扜捡敫摮湜摯彥潭畤敬屳敳畱汥穩履楬屢潭敤⹬獪ㄺ〳㨶〲਩††瑡愠祳据倠潲業敳愮汬⠠湩敤⁸⤰ †愠⁴獡湹⁣慃摮摩瑡牵⹥楦摮湁䍤畯瑮汁⁬䌨尺獕牥屳敦牨屩湏䑥楲敶䉜牵慥屵牰橯瑥瀠敦浜⵹牰橯捥屴慢正湥層潮敤浟摯汵獥獜煥敵楬敺汜扩浜摯汥樮㩳㌱㈲㈺⤷ †愠⁴獡湹⁣㩃啜敳獲晜桥楲作敮牄癩履畂敲畡灜潲敪⁴晰履祭瀭潲敪瑣扜捡敫摮獜捲牜畯整屳慣摮摩瑡牵獥樮㩳㤲㨵㤲ਊⴊⴭ䔠剒啅⁒〵‰ⴭ‭〲㘲〭ⴴ㌰ご㨹〲㔺⸳㤰娷刊問䕔›愯楰振湡楤慤畴敲㽳瑥扡楬獳浥湥㵴桁敭੤牅潲ੲ††瑡儠敵祲爮湵⠠㩃啜敳獲晜桥楲作敮牄癩履畂敲畡灜潲敪⁴晰履祭瀭潲敪瑣扜捡敫摮湜摯彥潭畤敬屳敳畱汥穩履楬屢楤污捥獴浜獹汱煜敵祲樮㩳㈵㈺⤵ †愠⁴㩃啜敳獲晜桥楲作敮牄癩履畂敲畡灜潲敪⁴晰履祭瀭潲敪瑣扜捡敫摮湜摯彥潭畤敬屳敳畱汥穩履楬屢敳畱汥穩⹥獪㌺㔱㈺ਸ††瑡瀠潲散獳瀮潲散獳楔正䅳摮敒敪瑣潩獮⠠潮敤椺瑮牥慮⽬牰捯獥⽳慴歳煟敵敵㩳〱㨳⤵ †愠⁴獡湹⁣祍兓兌敵祲湉整晲捡⹥敳敬瑣⠠㩃啜敳獲晜桥楲作敮牄癩履畂敲畡灜潲敪⁴晰履祭瀭潲敪瑣扜捡敫摮湜摯彥潭畤敬屳敳畱汥穩履楬屢楤污捥獴慜獢牴捡屴畱牥⵹湩整晲捡⹥獪㐺㜰ㄺ⤲ †愠⁴獡湹⁣慃摮摩瑡牵⹥楦摮汁⁬䌨尺獕牥屳敦牨屩湏䑥楲敶䉜牵慥屵牰橯瑥瀠敦浜⵹牰橯捥屴慢正湥層潮敤浟摯汵獥獜煥敵楬敺汜扩浜摯汥樮㩳ㄱ〴㈺⤱ †愠⁴獡湹⁣牐浯獩⹥污⁬椨摮硥ㄠ਩††瑡愠祳据䌠湡楤慤畴敲昮湩䅤摮潃湵䅴汬⠠㩃啜敳獲晜桥楲作敮牄癩履畂敲畡灜潲敪⁴晰履祭瀭潲敪瑣扜捡敫摮湜摯彥潭畤敬屳敳畱汥穩履楬屢潭敤⹬獪ㄺ㈳㨲㜲਩††瑡愠祳据䌠尺獕牥屳敦牨屩湏䑥楲敶䉜牵慥屵牰橯瑥瀠敦浜⵹牰橯捥屴慢正湥層牳屣潲瑵獥捜湡楤慤畴敲⹳獪㈺㔹㈺ਹਊⴭ‭剅䕒剕㔠〰ⴠⴭ㈠㈰ⴶ㐰〭吳㤰㈺㨰㌵ㄮ㠲ਗ਼佒呕㩅⼠灡⽩慣摮摩瑡牵獥政慴汢獩敳敭瑮䄽浨䔊牲牯 †愠⁴畑牥⹹畲⁮䌨尺獕牥屳敦牨屩湏䑥楲敶䉜牵慥屵牰橯瑥瀠敦浜⵹牰橯捥屴慢正湥層潮敤浟摯汵獥獜煥敵楬敺汜扩摜慩敬瑣屳祭煳屬畱牥⹹獪㔺㨲㔲਩††瑡䌠尺獕牥屳敦牨屩湏䑥楲敶䉜牵慥屵牰橯瑥瀠敦浜⵹牰橯捥屴慢正湥層潮敤浟摯汵獥獜煥敵楬敺汜扩獜煥敵楬敺樮㩳ㄳ㨵㠲 †愠⁴牰捯獥⹳牰捯獥味捩獫湁剤橥捥楴湯⁳渨摯㩥湩整湲污瀯潲散獳琯獡彫畱略獥ㄺ㌰㔺਩††瑡愠祳据䴠卹䱑畑牥䥹瑮牥慦散爮睡敓敬瑣⠠㩃啜敳獲晜桥楲作敮牄癩履畂敲畡灜潲敪⁴晰履祭瀭潲敪瑣扜捡敫摮湜摯彥潭畤敬屳敳畱汥穩履楬屢楤污捥獴慜獢牴捡屴畱牥⵹湩整晲捡⹥獪㐺㐳ㄺ⤸ †愠⁴獡湹⁣慃摮摩瑡牵⹥条牧来瑡⁥䌨尺獕牥屳敦牨屩湏䑥楲敶䉜牵慥屵牰橯瑥瀠敦浜⵹牰橯捥屴慢正湥層潮敤浟摯汵獥獜煥敵楬敺汜扩浜摯汥樮㩳㈱㜷ㄺ⤹ †愠⁴獡湹⁣慃摮摩瑡牵⹥潣湵⁴䌨尺獕牥屳敦牨屩湏䑥楲敶䉜牵慥屵牰橯瑥瀠敦浜⵹牰橯捥屴慢正湥層潮敤浟摯汵獥獜煥敵楬敺汜扩浜摯汥樮㩳㌱㘰㈺⤰ †愠⁴獡湹⁣牐浯獩⹥污⁬椨摮硥〠਩††瑡愠祳据䌠湡楤慤畴敲昮湩䅤摮潃湵䅴汬⠠㩃啜敳獲晜桥楲作敮牄癩履畂敲畡灜潲敪⁴晰履祭瀭潲敪瑣扜捡敫摮湜摯彥潭畤敬屳敳畱汥穩履楬屢潭敤⹬獪ㄺ㈳㨲㜲਩††瑡愠祳据䌠尺獕牥屳敦牨屩湏䑥楲敶䉜牵慥屵牰橯瑥瀠敦浜⵹牰橯捥屴慢正湥層牳屣潲瑵獥捜湡楤慤畴敲⹳獪㈺㔹㈺ਹਊⴭ‭剅䕒剕㔠〰ⴠⴭ㈠㈰ⴶ㐰〭吳㌱ㄺ㨰㤴㜮ㄷਗ਼佒呕㩅⼠灡⽩慣摮摩瑡牵獥㠯愯捣灥ੴ敓畱汥穩噥污摩瑡潩䕮牲牯›潮乴汵⁬楖汯瑡潩㩮丠瑯晩捩瑡潩⹮楴牴⁥慣湮瑯戠⁥畮汬 †愠⁴湉瑳湡散慖楬慤潴⹲癟污摩瑡⁥䌨尺獕牥屳敦牨屩湏䑥楲敶䉜牵慥屵牰橯瑥瀠敦浜⵹牰橯捥屴慢正湥層潮敤浟摯汵獥獜煥敵楬敺汜扩楜獮慴据ⵥ慶楬慤潴⹲獪㔺㨰㌱਩††瑡瀠潲散獳瀮潲散獳楔正䅳摮敒敪瑣潩獮⠠潮敤椺瑮牥慮⽬牰捯獥⽳慴歳煟敵敵㩳〱㨳⤵ †愠⁴獡湹⁣湉瑳湡散慖楬慤潴⹲癟污摩瑡䅥摮畒䡮潯獫⠠㩃啜敳獲晜桥楲作敮牄癩履畂敲畡灜潲敪⁴晰履祭瀭潲敪瑣扜捡敫摮湜摯彥潭畤敬屳敳畱汥穩履楬屢湩瑳湡散瘭污摩瑡牯樮㩳〶㜺਩††瑡愠祳据䤠獮慴据噥污摩瑡牯瘮污摩瑡⁥䌨尺獕牥屳敦牨屩湏䑥楲敶䉜牵慥屵牰橯瑥瀠敦浜⵹牰橯捥屴慢正湥層潮敤浟摯汵獥獜煥敵楬敺汜扩楜獮慴据ⵥ慶楬慤潴⹲獪㔺㨴㈱਩††瑡愠祳据洠摯汥献癡⁥䌨尺獕牥屳敦牨屩湏䑥楲敶䉜牵慥屵牰橯瑥瀠敦浜⵹牰橯捥屴慢正湥層潮敤浟摯汵獥獜煥敵楬敺汜扩浜摯汥樮㩳㐲㘲㜺਩††瑡愠祳据丠瑯晩捩瑡潩⹮牣慥整⠠㩃啜敳獲晜桥楲作敮牄癩履畂敲畡灜潲敪⁴晰履祭瀭潲敪瑣扜捡敫摮湜摯彥潭畤敬屳敳畱汥穩履楬屢潭敤⹬獪ㄺ㘳㨲㈱਩††瑡愠祳据䌠尺獕牥屳敦牨屩湏䑥楲敶䉜牵慥屵牰橯瑥瀠敦浜⵹牰橯捥屴慢正湥層牳屣潲瑵獥捜湡楤慤畴敲⹳獪㐺〹㜺ਊⴊⴭ䔠剒啅⁒〵‰ⴭ‭〲㘲〭ⴴ㘰ご㨹㠳ㄺ⸶㌵娶刊問䕔›愯楰振湡楤慤畴敲⽳ㄱ愯捣灥ੴ敓畱汥穩噥污摩瑡潩䕮牲牯›慖楬慤楴湯攠牲牯›慖楬慤楴湯椠䥳⁮湯攠瑮瑩⁹慦汩摥 †愠⁴湉瑳湡散慖楬慤潴⹲癟污摩瑡⁥䌨尺獕牥屳敦牨屩湏䑥楲敶䉜牵慥屵牰橯瑥瀠敦浜⵹牰橯捥屴慢正湥層潮敤浟摯汵獥獜煥敵楬敺汜扩楜獮慴据ⵥ慶楬慤潴⹲獪㔺㨰㌱਩††瑡瀠潲散獳瀮潲散獳楔正䅳摮敒敪瑣潩獮⠠潮敤椺瑮牥慮⽬牰捯獥⽳慴歳煟敵敵㩳〱㨳⤵ †愠⁴獡湹⁣湉瑳湡散慖楬慤潴⹲癟污摩瑡䅥摮畒䡮潯獫⠠㩃啜敳獲晜桥楲作敮牄癩履畂敲畡灜潲敪⁴晰履祭瀭潲敪瑣扜捡敫摮湜摯彥潭畤敬屳敳畱汥穩履楬屢湩瑳湡散瘭污摩瑡牯樮㩳〶㜺਩††瑡愠祳据䤠獮慴据噥污摩瑡牯瘮污摩瑡⁥䌨尺獕牥屳敦牨屩湏䑥楲敶䉜牵慥屵牰橯瑥瀠敦浜⵹牰橯捥屴慢正湥層潮敤浟摯汵獥獜煥敵楬敺汜扩楜獮慴据ⵥ慶楬慤潴⹲獪㔺㨴㈱਩††瑡愠祳据洠摯汥献癡⁥䌨尺獕牥屳敦牨屩湏䑥楲敶䉜牵慥屵牰橯瑥瀠敦浜⵹牰橯捥屴慢正湥層潮敤浟摯汵獥獜煥敵楬敺汜扩浜摯汥樮㩳㐲㘲㜺਩††瑡愠祳据唠楴楬慳整牵挮敲瑡⁥䌨尺獕牥屳敦牨屩湏䑥楲敶䉜牵慥屵牰橯瑥瀠敦浜⵹牰橯捥屴慢正湥層潮敤浟摯汵獥獜煥敵楬敺汜扩浜摯汥樮㩳㌱㈶ㄺ⤲ †愠⁴獡湹⁣㩃啜敳獲晜桥楲作敮牄癩履畂敲畡灜潲敪⁴晰履祭瀭潲敪瑣扜捡敫摮獜捲牜畯整屳慣摮摩瑡牵獥樮㩳㘴㨲〲ਊⴊⴭ䔠剒啅⁒〵‰ⴭ‭〲㘲〭ⴴ㘰ご㨹㠳㔺⸷㔹娷刊問䕔›愯楰振湡楤慤畴敲⽳ㄱ愯捣灥ੴ敓畱汥穩噥污摩瑡潩䕮牲牯›慖楬慤楴湯攠牲牯›慖楬慤楴湯椠䥳⁮湯攠瑮瑩⁹慦汩摥 †愠⁴湉瑳湡散慖楬慤潴⹲癟污摩瑡⁥䌨尺獕牥屳敦牨屩湏䑥楲敶䉜牵慥屵牰橯瑥瀠敦浜⵹牰橯捥屴慢正湥層潮敤浟摯汵獥獜煥敵楬敺汜扩楜獮慴据ⵥ慶楬慤潴⹲獪㔺㨰㌱਩††瑡瀠潲散獳瀮潲散獳楔正䅳摮敒敪瑣潩獮⠠潮敤椺瑮牥慮⽬牰捯獥⽳慴歳煟敵敵㩳〱㨳⤵ †愠⁴獡湹⁣湉瑳湡散慖楬慤潴⹲癟污摩瑡䅥摮畒䡮潯獫⠠㩃啜敳獲晜桥楲作敮牄癩履畂敲畡灜潲敪⁴晰履祭瀭潲敪瑣扜捡敫摮湜摯彥潭畤敬屳敳畱汥穩履楬屢湩瑳湡散瘭污摩瑡牯樮㩳〶㜺਩††瑡愠祳据䤠獮慴据噥污摩瑡牯瘮污摩瑡⁥䌨尺獕牥屳敦牨屩湏䑥楲敶䉜牵慥屵牰橯瑥瀠敦浜⵹牰橯捥屴慢正湥層潮敤浟摯汵獥獜煥敵楬敺汜扩楜獮慴据ⵥ慶楬慤潴⹲獪㔺㨴㈱਩††瑡愠祳据洠摯汥献癡⁥䌨尺獕牥屳敦牨屩湏䑥楲敶䉜牵慥屵牰橯瑥瀠敦浜⵹牰橯捥屴慢正湥層潮敤浟摯汵獥獜煥敵楬敺汜扩浜摯汥樮㩳㐲㘲㜺਩††瑡愠祳据唠楴楬慳整牵挮敲瑡⁥䌨尺獕牥屳敦牨屩湏䑥楲敶䉜牵慥屵牰橯瑥瀠敦浜⵹牰橯捥屴慢正湥層潮敤浟摯汵獥獜煥敵楬敺汜扩浜摯汥樮㩳㌱㈶ㄺ⤲ †愠⁴獡湹⁣㩃啜敳獲晜桥楲作敮牄癩履畂敲畡灜潲敪⁴晰履祭瀭潲敪瑣扜捡敫摮獜捲牜畯整屳慣摮摩瑡牵獥樮㩳㘴㨲〲ਊⴊⴭ䔠剒啅⁒〵‰ⴭ‭〲㘲〭ⴴ㘰ご㨹㠳㔺⸸ㄷ娶刊問䕔›愯楰振湡楤慤畴敲⽳ㄱ愯捣灥ੴ敓畱汥穩噥污摩瑡潩䕮牲牯›慖楬慤楴湯攠牲牯›慖楬慤楴湯椠䥳⁮湯攠瑮瑩⁹慦汩摥 †愠⁴湉瑳湡散慖楬慤潴⹲癟污摩瑡⁥䌨尺獕牥屳敦牨屩湏䑥楲敶䉜牵慥屵牰橯瑥瀠敦浜⵹牰橯捥屴慢正湥層潮敤浟摯汵獥獜煥敵楬敺汜扩楜獮慴据ⵥ慶楬慤潴⹲獪㔺㨰㌱਩††瑡瀠潲散獳瀮潲散獳楔正䅳摮敒敪瑣潩獮⠠潮敤椺瑮牥慮⽬牰捯獥⽳慴歳煟敵敵㩳〱㨳⤵ †愠⁴獡湹⁣湉瑳湡散慖楬慤潴⹲癟污摩瑡䅥摮畒䡮潯獫⠠㩃啜敳獲晜桥楲作敮牄癩履畂敲畡灜潲敪⁴晰履祭瀭潲敪瑣扜捡敫摮湜摯彥潭畤敬屳敳畱汥穩履楬屢湩瑳湡散瘭污摩瑡牯樮㩳〶㜺਩††瑡愠祳据䤠獮慴据噥污摩瑡牯瘮污摩瑡⁥䌨尺獕牥屳敦牨屩湏䑥楲敶䉜牵慥屵牰橯瑥瀠敦浜⵹牰橯捥屴慢正湥層潮敤浟摯汵獥獜煥敵楬敺汜扩楜獮慴据ⵥ慶楬慤潴⹲獪㔺㨴㈱਩††瑡愠祳据洠摯汥献癡⁥䌨尺獕牥屳敦牨屩湏䑥楲敶䉜牵慥屵牰橯瑥瀠敦浜⵹牰橯捥屴慢正湥層潮敤浟摯汵獥獜煥敵楬敺汜扩浜摯汥樮㩳㐲㘲㜺਩††瑡愠祳据唠楴楬慳整牵挮敲瑡⁥䌨尺獕牥屳敦牨屩湏䑥楲敶䉜牵慥屵牰橯瑥瀠敦浜⵹牰橯捥屴慢正湥層潮敤浟摯汵獥獜煥敵楬敺汜扩浜摯汥樮㩳㌱㈶ㄺ⤲ †愠⁴獡湹⁣㩃啜敳獲晜桥楲作敮牄癩履畂敲畡灜潲敪⁴晰履祭瀭潲敪瑣扜捡敫摮獜捲牜畯整屳慣摮摩瑡牵獥樮㩳㘴㨲〲ਊⴊⴭ䔠剒啅⁒〵‰ⴭ‭〲㘲〭ⴴ㘰ご㨹㠳㔺⸸ㄹ娷刊問䕔›愯楰振湡楤慤畴敲⽳ㄱ愯捣灥ੴ敓畱汥穩噥污摩瑡潩䕮牲牯›慖楬慤楴湯攠牲牯›慖楬慤楴湯椠䥳⁮湯攠瑮瑩⁹慦汩摥 †愠⁴湉瑳湡散慖楬慤潴⹲癟污摩瑡⁥䌨尺獕牥屳敦牨屩湏䑥楲敶䉜牵慥屵牰橯瑥瀠敦浜⵹牰橯捥屴慢正湥層潮敤浟摯汵獥獜煥敵楬敺汜扩楜獮慴据ⵥ慶楬慤潴⹲獪㔺㨰㌱਩††瑡瀠潲散獳瀮潲散獳楔正䅳摮敒敪瑣潩獮⠠潮敤椺瑮牥慮⽬牰捯獥⽳慴歳煟敵敵㩳〱㨳⤵ †愠⁴獡湹⁣湉瑳湡散慖楬慤潴⹲癟污摩瑡䅥摮畒䡮潯獫⠠㩃啜敳獲晜桥楲作敮牄癩履畂敲畡灜潲敪⁴晰履祭瀭潲敪瑣扜捡敫摮湜摯彥潭畤敬屳敳畱汥穩履楬屢湩瑳湡散瘭污摩瑡牯樮㩳〶㜺਩††瑡愠祳据䤠獮慴据噥污摩瑡牯瘮污摩瑡⁥䌨尺獕牥屳敦牨屩湏䑥楲敶䉜牵慥屵牰橯瑥瀠敦浜⵹牰橯捥屴慢正湥層潮敤浟摯汵獥獜煥敵楬敺汜扩楜獮慴据ⵥ慶楬慤潴⹲獪㔺㨴㈱਩††瑡愠祳据洠摯汥献癡⁥䌨尺獕牥屳敦牨屩湏䑥楲敶䉜牵慥屵牰橯瑥瀠敦浜⵹牰橯捥屴慢正湥層潮敤浟摯汵獥獜煥敵楬敺汜扩浜摯汥樮㩳㐲㘲㜺਩††瑡愠祳据唠楴楬慳整牵挮敲瑡⁥䌨尺獕牥屳敦牨屩湏䑥楲敶䉜牵慥屵牰橯瑥瀠敦浜⵹牰橯捥屴慢正湥層潮敤浟摯汵獥獜煥敵楬敺汜扩浜摯汥樮㩳㌱㈶ㄺ⤲ †愠⁴獡湹⁣㩃啜敳獲晜桥楲作敮牄癩履畂敲畡灜潲敪⁴晰履祭瀭潲敪瑣扜捡敫摮獜捲牜畯整屳慣摮摩瑡牵獥樮㩳㘴㨲〲ਊⴊⴭ䔠剒啅⁒〵‰ⴭ‭〲㘲〭ⴴ㘰ご㨹㠳㔺⸹㤰娱刊問䕔›愯楰振湡楤慤畴敲⽳ㄱ愯捣灥ੴ敓畱汥穩噥污摩瑡潩䕮牲牯›慖楬慤楴湯攠牲牯›慖楬慤楴湯椠䥳⁮湯攠瑮瑩⁹慦汩摥 †愠⁴湉瑳湡散慖楬慤潴⹲癟污摩瑡⁥䌨尺獕牥屳敦牨屩湏䑥楲敶䉜牵慥屵牰橯瑥瀠敦浜⵹牰橯捥屴慢正湥層潮敤浟摯汵獥獜煥敵楬敺汜扩楜獮慴据ⵥ慶楬慤潴⹲獪㔺㨰㌱਩††瑡瀠潲散獳瀮潲散獳楔正䅳摮敒敪瑣潩獮⠠潮敤椺瑮牥慮⽬牰捯獥⽳慴歳煟敵敵㩳〱㨳⤵ †愠⁴獡湹⁣湉瑳湡散慖楬慤潴⹲癟污摩瑡䅥摮畒䡮潯獫⠠㩃啜敳獲晜桥楲作敮牄癩履畂敲畡灜潲敪⁴晰履祭瀭潲敪瑣扜捡敫摮湜摯彥潭畤敬屳敳畱汥穩履楬屢湩瑳湡散瘭污摩瑡牯樮㩳〶㜺਩††瑡愠祳据䤠獮慴据噥污摩瑡牯瘮污摩瑡⁥䌨尺獕牥屳敦牨屩湏䑥楲敶䉜牵慥屵牰橯瑥瀠敦浜⵹牰橯捥屴慢正湥層潮敤浟摯汵獥獜煥敵楬敺汜扩楜獮慴据ⵥ慶楬慤潴⹲獪㔺㨴㈱਩††瑡愠祳据洠摯汥献癡⁥䌨尺獕牥屳敦牨屩湏䑥楲敶䉜牵慥屵牰橯瑥瀠敦浜⵹牰橯捥屴慢正湥層潮敤浟摯汵獥獜煥敵楬敺汜扩浜摯汥樮㩳㐲㘲㜺਩††瑡愠祳据唠楴楬慳整牵挮敲瑡⁥䌨尺獕牥屳敦牨屩湏䑥楲敶䉜牵慥屵牰橯瑥瀠敦浜⵹牰橯捥屴慢正湥層潮敤浟摯汵獥獜煥敵楬敺汜扩浜摯汥樮㩳㌱㈶ㄺ⤲ †愠⁴獡湹⁣㩃啜敳獲晜桥楲作敮牄癩履畂敲畡灜潲敪⁴晰履祭瀭潲敪瑣扜捡敫摮獜捲牜畯整屳慣摮摩瑡牵獥樮㩳㘴㨲〲ਊⴊⴭ䔠剒啅⁒〵‰ⴭ‭〲㘲〭ⴴ㘰ご㨹㠳㔺⸹㔲娸刊問䕔›愯楰振湡楤慤畴敲⽳ㄱ愯捣灥ੴ敓畱汥穩噥污摩瑡潩䕮牲牯›慖楬慤楴湯攠牲牯›慖楬慤楴湯椠䥳⁮湯攠瑮瑩⁹慦汩摥 †愠⁴湉瑳湡散慖楬慤潴⹲癟污摩瑡⁥䌨尺獕牥屳敦牨屩湏䑥楲敶䉜牵慥屵牰橯瑥瀠敦浜⵹牰橯捥屴慢正湥層潮敤浟摯汵獥獜煥敵楬敺汜扩楜獮慴据ⵥ慶楬慤潴⹲獪㔺㨰㌱਩††瑡瀠潲散獳瀮潲散獳楔正䅳摮敒敪瑣潩獮⠠潮敤椺瑮牥慮⽬牰捯獥⽳慴歳煟敵敵㩳〱㨳⤵ †愠⁴獡湹⁣湉瑳湡散慖楬慤潴⹲癟污摩瑡䅥摮畒䡮潯獫⠠㩃啜敳獲晜桥楲作敮牄癩履畂敲畡灜潲敪⁴晰履祭瀭潲敪瑣扜捡敫摮湜摯彥潭畤敬屳敳畱汥穩履楬屢湩瑳湡散瘭污摩瑡牯樮㩳〶㜺਩††瑡愠祳据䤠獮慴据噥污摩瑡牯瘮污摩瑡⁥䌨尺獕牥屳敦牨屩湏䑥楲敶䉜牵慥屵牰橯瑥瀠敦浜⵹牰橯捥屴慢正湥層潮敤浟摯汵獥獜煥敵楬敺汜扩楜獮慴据ⵥ慶楬慤潴⹲獪㔺㨴㈱਩††瑡愠祳据洠摯汥献癡⁥䌨尺獕牥屳敦牨屩湏䑥楲敶䉜牵慥屵牰橯瑥瀠敦浜⵹牰橯捥屴慢正湥層潮敤浟摯汵獥獜煥敵楬敺汜扩浜摯汥樮㩳㐲㘲㜺਩††瑡愠祳据唠楴楬慳整牵挮敲瑡⁥䌨尺獕牥屳敦牨屩湏䑥楲敶䉜牵慥屵牰橯瑥瀠敦浜⵹牰橯捥屴慢正湥層潮敤浟摯汵獥獜煥敵楬敺汜扩浜摯汥樮㩳㌱㈶ㄺ⤲ †愠⁴獡湹⁣㩃啜敳獲晜桥楲作敮牄癩履畂敲畡灜潲敪⁴晰履祭瀭潲敪瑣扜捡敫摮獜捲牜畯整屳慣摮摩瑡牵獥樮㩳㘴㨲〲ਊⴊⴭ䔠剒啅⁒〵‰ⴭ‭〲㘲〭ⴴ㘰ご㨹㠳㔺⸹㠴娹刊問䕔›愯楰振湡楤慤畴敲⽳ㄱ愯捣灥ੴ敓畱汥穩噥污摩瑡潩䕮牲牯›慖楬慤楴湯攠牲牯›慖楬慤楴湯椠䥳⁮湯攠瑮瑩⁹慦汩摥 †愠⁴湉瑳湡散慖楬慤潴⹲癟污摩瑡⁥䌨尺獕牥屳敦牨屩湏䑥楲敶䉜牵慥屵牰橯瑥瀠敦浜⵹牰橯捥屴慢正湥層潮敤浟摯汵獥獜煥敵楬敺汜扩楜獮慴据ⵥ慶楬慤潴⹲獪㔺㨰㌱਩††瑡瀠潲散獳瀮潲散獳楔正䅳摮敒敪瑣潩獮⠠潮敤椺瑮牥慮⽬牰捯獥⽳慴歳煟敵敵㩳〱㨳⤵ †愠⁴獡湹⁣湉瑳湡散慖楬慤潴⹲癟污摩瑡䅥摮畒䡮潯獫⠠㩃啜敳獲晜桥楲作敮牄癩履畂敲畡灜潲敪⁴晰履祭瀭潲敪瑣扜捡敫摮湜摯彥潭畤敬屳敳畱汥穩履楬屢湩瑳湡散瘭污摩瑡牯樮㩳〶㜺਩††瑡愠祳据䤠獮慴据噥污摩瑡牯瘮污摩瑡⁥䌨尺獕牥屳敦牨屩湏䑥楲敶䉜牵慥屵牰橯瑥瀠敦浜⵹牰橯捥屴慢正湥層潮敤浟摯汵獥獜煥敵楬敺汜扩楜獮慴据ⵥ慶楬慤潴⹲獪㔺㨴㈱਩††瑡愠祳据洠摯汥献癡⁥䌨尺獕牥屳敦牨屩湏䑥楲敶䉜牵慥屵牰橯瑥瀠敦浜⵹牰橯捥屴慢正湥層潮敤浟摯汵獥獜煥敵楬敺汜扩浜摯汥樮㩳㐲㘲㜺਩††瑡愠祳据唠楴楬慳整牵挮敲瑡⁥䌨尺獕牥屳敦牨屩湏䑥楲敶䉜牵慥屵牰橯瑥瀠敦浜⵹牰橯捥屴慢正湥層潮敤浟摯汵獥獜煥敵楬敺汜扩浜摯汥樮㩳㌱㈶ㄺ⤲ †愠⁴獡湹⁣㩃啜敳獲晜桥楲作敮牄癩履畂敲畡灜潲敪⁴晰履祭瀭潲敪瑣扜捡敫摮獜捲牜畯整屳慣摮摩瑡牵獥樮㩳㘴㨲〲ਊⴊⴭ䔠剒啅⁒〵‰ⴭ‭〲㘲〭ⴴ㘰ご㨹㤴㌺⸴㜲娶刊問䕔›愯楰振湡楤慤畴敲⽳ㄱ愯捣灥ੴ敓畱汥穩噥污摩瑡潩䕮牲牯›潮乴汵⁬楖汯瑡潩㩮丠瑯晩捩瑡潩⹮楴牴⁥慣湮瑯戠⁥畮汬 †愠⁴湉瑳湡散慖楬慤潴⹲癟污摩瑡⁥䌨尺獕牥屳敦牨屩湏䑥楲敶䉜牵慥屵牰橯瑥瀠敦浜⵹牰橯捥屴慢正湥層潮敤浟摯汵獥獜煥敵楬敺汜扩楜獮慴据ⵥ慶楬慤潴⹲獪㔺㨰㌱਩††瑡瀠潲散獳瀮潲散獳楔正䅳摮敒敪瑣潩獮⠠潮敤椺瑮牥慮⽬牰捯獥⽳慴歳煟敵敵㩳〱㨳⤵ †愠⁴獡湹⁣湉瑳湡散慖楬慤潴⹲癟污摩瑡䅥摮畒䡮潯獫⠠㩃啜敳獲晜桥楲作敮牄癩履畂敲畡灜潲敪⁴晰履祭瀭潲敪瑣扜捡敫摮湜摯彥潭畤敬屳敳畱汥穩履楬屢湩瑳湡散瘭污摩瑡牯樮㩳〶㜺਩††瑡愠祳据䤠獮慴据噥污摩瑡牯瘮污摩瑡⁥䌨尺獕牥屳敦牨屩湏䑥楲敶䉜牵慥屵牰橯瑥瀠敦浜⵹牰橯捥屴慢正湥層潮敤浟摯汵獥獜煥敵楬敺汜扩楜獮慴据ⵥ慶楬慤潴⹲獪㔺㨴㈱਩††瑡愠祳据洠摯汥献癡⁥䌨尺獕牥屳敦牨屩湏䑥楲敶䉜牵慥屵牰橯瑥瀠敦浜⵹牰橯捥屴慢正湥層潮敤浟摯汵獥獜煥敵楬敺汜扩浜摯汥樮㩳㐲㘲㜺਩††瑡愠祳据丠瑯晩捩瑡潩⹮牣慥整⠠㩃啜敳獲晜桥楲作敮牄癩履畂敲畡灜潲敪⁴晰履祭瀭潲敪瑣扜捡敫摮湜摯彥潭畤敬屳敳畱汥穩履楬屢潭敤⹬獪ㄺ㘳㨲㈱਩††瑡愠祳据䌠尺獕牥屳敦牨屩湏䑥楲敶䉜牵慥屵牰橯瑥瀠敦浜⵹牰橯捥屴慢正湥層牳屣潲瑵獥捜湡楤慤畴敲⹳獪㐺㤹㜺ਊⴊⴭ删䝅卉剔呁佉⁎剅佒⁒ⴭ‭〲㘲〭ⴴ㘰㉔㨱㌵㔺⸹㘱娳笊 ∠敭獳条≥›唢⁮潣灭整攠楸瑳⁥썤檩ꃃ愠敶⁣散⁴浥楡≬ਬ†戢摯≹›੻††渢浯㨢∠敦牨≩ਬ††瀢敲潮≭›洢湡潳牵Ⱒ †∠浥楡≬›昢桥楲敢浮湡潳牵㜷杀慭汩挮浯Ⱒ †∠慰獳潷摲㨢∠敆牨㉩〰⨳ਢ†ⱽ ∠瑳捡≫›䔢牲牯›湕挠浯瑰⁥硥獩整搠꧃썪₠癡捥挠瑥攠慭汩湜††瑡传橢捥⹴敲楧瑳牥⠠㩃屜獕牥屳晜桥楲屜湏䑥楲敶屜畂敲畡屜牰橯瑥瀠敦屜祭瀭潲敪瑣屜慢正湥層獜捲屜敳癲捩獥屜畡桴敓癲捩⹥獪ㄺ㘷ㄺ⤱湜††瑡瀠潲散獳瀮潲散獳楔正䅳摮敒敪瑣潩獮⠠潮敤椺瑮牥慮⽬牰捯獥⽳慴歳煟敵敵㩳〱㨳⤵湜††瑡愠祳据䌠尺啜敳獲屜敦牨屩作敮牄癩履䉜牵慥屵灜潲敪⁴晰履浜⵹牰橯捥屴扜捡敫摮屜牳屣牜畯整屳慜瑵⹨獪ㄺ㤸ㄺ∸紊ਊⴊⴭ䔠剒啅⁒〵‰ⴭ‭〲㘲〭ⴴ㘰㉔㨱㠵㔺⸱㔴娱刊問䕔›愯楰愯瑵⽨敲楧瑳牥匊湹慴䕸牲牯›硅数瑣摥瀠潲数瑲⁹慮敭漠⁲紧‧湩䨠体⁎瑡瀠獯瑩潩⁮‱氨湩⁥‱潣畬湭㈠਩††瑡䨠体⹎慰獲⁥㰨湡湯浹畯㹳਩††瑡瀠牡敳⠠㩃啜敳獲晜桥楲作敮牄癩履畂敲畡灜潲敪⁴晰履祭瀭潲敪瑣扜捡敫摮湜摯彥潭畤敬屳潢祤瀭牡敳屲楬屢祴数屳獪湯樮㩳㈹ㄺ⤹ †愠⁴㩃啜敳獲晜桥楲作敮牄癩履畂敲畡灜潲敪⁴晰履祭瀭潲敪瑣扜捡敫摮湜摯彥潭畤敬屳潢祤瀭牡敳屲楬屢敲摡樮㩳㈱㨸㠱 †愠⁴獁湹剣獥畯捲⹥畲䥮䅮祳据捓灯⁥渨摯㩥獡湹彣潨歯㩳ㄲ㨴㐱਩††瑡椠癮歯䍥污扬捡⁫䌨尺獕牥屳敦牨屩湏䑥楲敶䉜牵慥屵牰橯瑥瀠敦浜⵹牰橯捥屴慢正湥層潮敤浟摯汵獥牜睡戭摯屹湩敤⹸獪㈺㠳ㄺ⤶ †愠⁴潤敮⠠㩃啜敳獲晜桥楲作敮牄癩履畂敲畡灜潲敪⁴晰履祭瀭潲敪瑣扜捡敫摮湜摯彥潭畤敬屳慲⵷潢祤楜摮硥樮㩳㈲㨷⤷ †愠⁴湉潣業杮敍獳条⹥湯湅⁤䌨尺獕牥屳敦牨屩湏䑥楲敶䉜牵慥屵牰橯瑥瀠敦浜⵹牰橯捥屴慢正湥層潮敤浟摯汵獥牜睡戭摯屹湩敤⹸獪㈺㜸㜺਩††瑡䤠据浯湩䵧獥慳敧攮業⁴渨摯㩥癥湥獴㔺㠰㈺⤸ †愠⁴湥剤慥慤汢乥⁔渨摯㩥湩整湲污猯牴慥獭爯慥慤汢㩥㜱㄰ㄺ⤲ †愠⁴牰捯獥⹳牰捯獥味捩獫湁剤橥捥楴湯⁳渨摯㩥湩整湲污瀯潲散獳琯獡彫畱略獥㠺㨹ㄲ਩ਊⴭ‭䕒䥇呓䅒䥔乏䔠剒剏ⴠⴭ㈠㈰ⴶ㐰〭吶㈲〺㨴〳㠮㤳ਗ਼੻†洢獥慳敧㨢∠湕挠浯瑰⁥硥獩整搠꧃썪₠癡捥挠瑥攠慭汩Ⱒ ∠潢祤㨢笠 †∠潮≭›昢桥楲Ⱒ †∠牰湥浯㨢∠慭獮畯≲ਬ††攢慭汩㨢∠敦牨扩湥慭獮畯㝲䀷浧楡⹬潣≭ਬ††瀢獡睳牯≤›䘢桥楲〲㌰∪ 素ਬ†猢慴正㨢∠牅潲㩲唠⁮潣灭整攠楸瑳⁥썤檩ꃃ愠敶⁣散⁴浥楡屬⁮†愠⁴扏敪瑣爮来獩整⁲䌨尺啜敳獲屜敦牨屩作敮牄癩履䉜牵慥屵灜潲敪⁴晰履浜⵹牰橯捥屴扜捡敫摮屜牳屣獜牥楶散屳慜瑵卨牥楶散樮㩳㜱㨶ㄱ尩⁮†愠⁴牰捯獥⹳牰捯獥味捩獫湁剤橥捥楴湯⁳渨摯㩥湩整湲污瀯潲散獳琯獡彫畱略獥ㄺ㌰㔺尩⁮†愠⁴獡湹⁣㩃屜獕牥屳晜桥楲屜湏䑥楲敶屜畂敲畡屜牰橯瑥瀠敦屜祭瀭潲敪瑣屜慢正湥層獜捲屜潲瑵獥屜畡桴樮㩳㠱㨹㠱ਢ੽ਊⴭ‭䕒䥇呓䅒䥔乏䔠剒剏ⴠⴭ㈠㈰ⴶ㐰〭吶㈲ㄺ㨱㠳㠮㜰ਗ਼੻†洢獥慳敧㨢∠湕挠浯瑰⁥硥獩整搠꧃썪₠癡捥挠瑥攠慭汩Ⱒ ∠潢祤㨢笠 †∠潮≭›昢桥楲Ⱒ †∠牰湥浯㨢∠慭獮畯≲ਬ††攢慭汩㨢∠敦牨扩湥慭獮畯㝲䀷浧楡⹬潣≭ਬ††瀢獡睳牯≤›䘢桥楲〲㌰∪ 素ਬ†猢慴正㨢∠牅潲㩲唠⁮潣灭整攠楸瑳⁥썤檩ꃃ愠敶⁣散⁴浥楡屬⁮†愠⁴扏敪瑣爮来獩整⁲䌨尺啜敳獲屜敦牨屩作敮牄癩履䉜牵慥屵灜潲敪⁴晰履浜⵹牰橯捥屴扜捡敫摮屜牳屣獜牥楶散屳慜瑵卨牥楶散樮㩳㜱㨶ㄱ尩⁮†愠⁴牰捯獥⹳牰捯獥味捩獫湁剤橥捥楴湯⁳渨摯㩥湩整湲污瀯潲散獳琯獡彫畱略獥ㄺ㌰㔺尩⁮†愠⁴獡湹⁣㩃屜獕牥屳晜桥楲屜湏䑥楲敶屜畂敲畡屜牰橯瑥瀠敦屜祭瀭潲敪瑣屜慢正湥層獜捲屜潲瑵獥屜畡桴樮㩳㠱㨹㠱ਢ੽ਊⴭ‭䕒䥇呓䅒䥔乏䔠剒剏ⴠⴭ㈠㈰ⴶ㐰〭吶㈲ㄺ㨴㈵㌮㌱ਗ਼੻†洢獥慳敧㨢∠湕挠浯瑰⁥硥獩整搠꧃썪₠癡捥挠瑥攠慭汩Ⱒ ∠潢祤㨢笠 †∠潮≭›昢桥楲Ⱒ †∠牰湥浯㨢∠慭獮畯≲ਬ††攢慭汩㨢∠敦牨扩湥慭獮畯㝲䀷浧楡⹬潣≭ਬ††瀢獡睳牯≤›䘢桥楲〲㌰∪ 素ਬ†猢慴正㨢∠牅潲㩲唠⁮潣灭整攠楸瑳⁥썤檩ꃃ愠敶⁣散⁴浥楡屬⁮†愠⁴扏敪瑣爮来獩整⁲䌨尺啜敳獲屜敦牨屩作敮牄癩履䉜牵慥屵灜潲敪⁴晰履浜⵹牰橯捥屴扜捡敫摮屜牳屣獜牥楶散屳慜瑵卨牥楶散樮㩳㜱㨶ㄱ尩⁮†愠⁴牰捯獥⹳牰捯獥味捩獫湁剤橥捥楴湯⁳渨摯㩥湩整湲污瀯潲散獳琯獡彫畱略獥ㄺ㌰㔺尩⁮†愠⁴獡湹⁣㩃屜獕牥屳晜桥楲屜湏䑥楲敶屜畂敲畡屜牰橯瑥瀠敦屜祭瀭潲敪瑣屜慢正湥層獜捲屜潲瑵獥屜畡桴樮㩳㠱㨹㠱ਢ੽ਊⴭ‭䕒䥇呓䅒䥔乏䔠剒剏ⴠⴭ㈠㈰ⴶ㐰〭吷〱㈺㨰㐰ㄮ〱ਗ਼੻†洢獥慳敧㨢∠湕挠浯瑰⁥硥獩整搠꧃썪₠癡捥挠瑥攠慭汩Ⱒ ∠潢祤㨢笠 †∠潮≭›昢桥楲Ⱒ †∠牰湥浯㨢∠慭獮畯≲ਬ††攢慭汩㨢∠敦牨扩湥慭獮畯㝲䀷浧楡⹬潣≭ਬ††瀢獡睳牯≤›䘢桥楲〲㌰∪ਬ††琢汥灥潨敮㨢∠㌲㌲㈳㠸Ⱒ †∠敶楲楦慣楴湯潔敫≮›攢䩹扨捇佩䩩啉䥺丱䥩䥳剮挵䥃䤶火噘䩃⸹祥お坚汸䝣癨浢楕楏祉積穉積㑉䍏獉湉汚浣浬坡歖橉ば湣汖䍌灊塙楑橏㍅穎ㅕ呎祣䑍獑浉㑖䍣㙉呍㍣呎ㅕ䑏睅䡎⸰婡㙤䭷晗彳夰噇楲䙭娴㕱摕椸数瀴㑣祡䡬歅儳敔∰ 素ਬ†猢慴正㨢∠牅潲㩲唠⁮潣灭整攠楸瑳⁥썤檩ꃃ愠敶⁣散⁴浥楡屬⁮†愠⁴扏敪瑣爮来獩整⁲䌨尺啜敳獲屜敦牨屩作敮牄癩履䉜牵慥屵灜潲敪⁴晰履浜⵹牰橯捥屴扜捡敫摮屜牳屣獜牥楶散屳慜瑵卨牥楶散樮㩳㜱㨶ㄱ尩⁮†愠⁴牰捯獥⹳牰捯獥味捩獫湁剤橥捥楴湯⁳渨摯㩥湩整湲污瀯潲散獳琯獡彫畱略獥ㄺ㌰㔺尩⁮†愠⁴獡湹⁣㩃屜獕牥屳晜桥楲屜湏䑥楲敶屜畂敲畡屜牰橯瑥瀠敦屜祭瀭潲敪瑣屜慢正湥層獜捲屜潲瑵獥屜畡桴樮㩳㜲㨲㠱ਢ੽ਊⴭ‭䕒䥇呓䅒䥔乏䔠剒剏ⴠⴭ㈠㈰ⴶ㐰〭吷ㄱㄺ㨱㤱㈮㔸ਗ਼੻†洢獥慳敧㨢∠湕挠浯瑰⁥硥獩整搠꧃썪₠癡捥挠瑥攠慭汩Ⱒ ∠潢祤㨢笠 †∠潮≭›昢桥楲Ⱒ †∠牰湥浯㨢∠慭獮畯≲ਬ††攢慭汩㨢∠敦牨扩湥慭獮畯㝲䀷浧楡⹬潣≭ਬ††瀢獡睳牯≤›䘢桥楲〲㌰∪ਬ††琢汥灥潨敮㨢∠㌲㌲㈳㠸Ⱒ †∠敶楲楦慣楴湯潔敫≮›攢䩹扨捇佩䩩啉䥺丱䥩䥳剮挵䥃䤶火噘䩃⸹祥お坚汸䝣癨浢楕楏祉積穉積㑉䍏獉湉汚浣浬坡歖橉ば湣汖䍌灊塙楑橏㍅穎ㅕ橎祁穎獫浉㑖䍣㙉呍㍣呎㉕呍㍅塏⸰呐伹䝆䙑潥畋䭤啒全䑵睮䭮䑎偳煈癅摢橏慦祁圶≑ 素ਬ†猢慴正㨢∠牅潲㩲唠⁮潣灭整攠楸瑳⁥썤檩ꃃ愠敶⁣散⁴浥楡屬⁮†愠⁴扏敪瑣爮来獩整⁲䌨尺啜敳獲屜敦牨屩作敮牄癩履䉜牵慥屵灜潲敪⁴晰履浜⵹牰橯捥屴扜捡敫摮屜牳屣獜牥楶散屳慜瑵卨牥楶散樮㩳㜱㨶ㄱ尩⁮†愠⁴牰捯獥⹳牰捯獥味捩獫湁剤橥捥楴湯⁳渨摯㩥湩整湲污瀯潲散獳琯獡彫畱略獥ㄺ㌰㔺尩⁮†愠⁴獡湹⁣㩃屜獕牥屳晜桥楲屜湏䑥楲敶屜畂敲畡屜牰橯瑥瀠敦屜祭瀭潲敪瑣屜慢正湥層獜捲屜潲瑵獥屜畡桴樮㩳㜲㨶㠱ਢ੽ਊⴭ‭剅䕒剕㔠〰ⴠⴭ㈠㈰ⴶ㐰〭吸㈱㌺㨸㠳㌮〶ਗ਼佒呕㩅⼠灡⽩瑳条慩物獥ㄯਰ牅潲ੲ††瑡儠敵祲爮湵⠠㩃啜敳獲晜桥楲作敮牄癩履畂敲畡灜潲敪⁴晰履祭瀭潲敪瑣扜捡敫摮湜摯彥潭畤敬屳敳畱汥穩履楬屢楤污捥獴浜獹汱煜敵祲樮㩳㈵㈺⤵ †愠⁴㩃啜敳獲晜桥楲作敮牄癩履畂敲畡灜潲敪⁴晰履祭瀭潲敪瑣扜捡敫摮湜摯彥潭畤敬屳敳畱汥穩履楬屢敳畱汥穩⹥獪㌺㔱㈺ਸ††瑡瀠潲散獳瀮潲散獳楔正䅳摮敒敪瑣潩獮⠠潮敤椺瑮牥慮⽬牰捯獥⽳慴歳煟敵敵㩳〱㨳⤵ †愠⁴獡湹⁣祍兓兌敵祲湉整晲捡⹥灵慤整⠠㩃啜敳獲晜桥楲作敮牄癩履畂敲畡灜潲敪⁴晰履祭瀭潲敪瑣扜捡敫摮湜摯彥潭畤敬屳敳畱汥穩履楬屢楤污捥獴慜獢牴捡屴畱牥⵹湩整晲捡⹥獪㌺㔵ㄺ⤲ †愠⁴獡湹⁣潭敤⹬慳敶⠠㩃啜敳獲晜桥楲作敮牄癩履畂敲畡灜潲敪⁴晰履祭瀭潲敪瑣扜捡敫摮湜摯彥潭畤敬屳敳畱汥穩履楬屢潭敤⹬獪㈺㤴㨰㔳਩††瑡愠祳据洠摯汥甮摰瑡⁥䌨尺獕牥屳敦牨屩湏䑥楲敶䉜牵慥屵牰橯瑥瀠敦浜⵹牰橯捥屴慢正湥層潮敤浟摯汵獥獜煥敵楬敺汜扩浜摯汥樮㩳㔲㠹ㄺ⤲ †愠⁴獡湹⁣㩃啜敳獲晜桥楲作敮牄癩履畂敲畡灜潲敪⁴晰履祭瀭潲敪瑣扜捡敫摮獜捲牜畯整屳瑳条慩物獥樮㩳㐳㨴਷ਊⴭ‭剅䕒剕㔠〰ⴠⴭ㈠㈰ⴶ㐰〭吸㈱㌺㨸㈴㈮㈶ਗ਼佒呕㩅⼠灡⽩瑳条慩物獥ㄯਰ牅潲ੲ††瑡儠敵祲爮湵⠠㩃啜敳獲晜桥楲作敮牄癩履畂敲畡灜潲敪⁴晰履祭瀭潲敪瑣扜捡敫摮湜摯彥潭畤敬屳敳畱汥穩履楬屢楤污捥獴浜獹汱煜敵祲樮㩳㈵㈺⤵ †愠⁴㩃啜敳獲晜桥楲作敮牄癩履畂敲畡灜潲敪⁴晰履祭瀭潲敪瑣扜捡敫摮湜摯彥潭畤敬屳敳畱汥穩履楬屢敳畱汥穩⹥獪㌺㔱㈺ਸ††瑡瀠潲散獳瀮潲散獳楔正䅳摮敒敪瑣潩獮⠠潮敤椺瑮牥慮⽬牰捯獥⽳慴歳煟敵敵㩳〱㨳⤵ †愠⁴獡湹⁣祍兓兌敵祲湉整晲捡⹥灵慤整⠠㩃啜敳獲晜桥楲作敮牄癩履畂敲畡灜潲敪⁴晰履祭瀭潲敪瑣扜捡敫摮湜摯彥潭畤敬屳敳畱汥穩履楬屢楤污捥獴慜獢牴捡屴畱牥⵹湩整晲捡⹥獪㌺㔵ㄺ⤲ †愠⁴獡湹⁣潭敤⹬慳敶⠠㩃啜敳獲晜桥楲作敮牄癩履畂敲畡灜潲敪⁴晰履祭瀭潲敪瑣扜捡敫摮湜摯彥潭畤敬屳敳畱汥穩履楬屢潭敤⹬獪㈺㤴㨰㔳਩††瑡愠祳据洠摯汥甮摰瑡⁥䌨尺獕牥屳敦牨屩湏䑥楲敶䉜牵慥屵牰橯瑥瀠敦浜⵹牰橯捥屴慢正湥層潮敤浟摯汵獥獜煥敵楬敺汜扩浜摯汥樮㩳㔲㠹ㄺ⤲ †愠⁴獡湹⁣㩃啜敳獲晜桥楲作敮牄癩履畂敲畡灜潲敪⁴晰履祭瀭潲敪瑣扜捡敫摮獜捲牜畯整屳瑳条慩物獥樮㩳㐳㨴਷
